2016-01-18 09:56:37,560 [localhost-startStop-1] WARN  framework.CglibAopProxy  - Unable to proxy method [public final void org.springframework.security.authentication.dao.AbstractUserDetailsAuthenticationProvider.afterPropertiesSet() throws java.lang.Exception] because it is final: All calls to this method via a proxy will be routed directly to the proxy.
2016-01-18 09:56:37,762 [localhost-startStop-1] WARN  security.MyFilterSecurityInterceptor  - Could not validate configuration attributes as the SecurityMetadataSource did not return any attributes from getAllConfigAttributes()
2016-01-18 11:01:44,591 [com.mchange.v2.async.ThreadPoolAsynchronousRunner$PoolThread-#0] WARN  resourcepool.BasicResourcePool  - Failed to destroy resource: com.mchange.v2.c3p0.impl.NewPooledConnection@5d4539de
java.sql.SQLException: Some resources failed to close properly while closing com.mchange.v2.c3p0.impl.NewPooledConnection@5d4539de
	at com.mchange.v2.c3p0.impl.NewPooledConnection.close(NewPooledConnection.java:571)
	at com.mchange.v2.c3p0.impl.NewPooledConnection.close(NewPooledConnection.java:234)
	at com.mchange.v2.c3p0.impl.C3P0PooledConnectionPool$1PooledConnectionResourcePoolManager.destroyResource(C3P0PooledConnectionPool.java:470)
	at com.mchange.v2.resourcepool.BasicResourcePool$1DestroyResourceTask.run(BasicResourcePool.java:964)
	at com.mchange.v2.async.ThreadPoolAsynchronousRunner$PoolThread.run(ThreadPoolAsynchronousRunner.java:547)
2016-01-18 11:01:44,593 [com.mchange.v2.async.ThreadPoolAsynchronousRunner$PoolThread-#0] WARN  resourcepool.BasicResourcePool  - Failed to destroy resource: com.mchange.v2.c3p0.impl.NewPooledConnection@1d5ad09e
java.sql.SQLException: Some resources failed to close properly while closing com.mchange.v2.c3p0.impl.NewPooledConnection@1d5ad09e
	at com.mchange.v2.c3p0.impl.NewPooledConnection.close(NewPooledConnection.java:571)
	at com.mchange.v2.c3p0.impl.NewPooledConnection.close(NewPooledConnection.java:234)
	at com.mchange.v2.c3p0.impl.C3P0PooledConnectionPool$1PooledConnectionResourcePoolManager.destroyResource(C3P0PooledConnectionPool.java:470)
	at com.mchange.v2.resourcepool.BasicResourcePool$1DestroyResourceTask.run(BasicResourcePool.java:964)
	at com.mchange.v2.async.ThreadPoolAsynchronousRunner$PoolThread.run(ThreadPoolAsynchronousRunner.java:547)
2016-01-18 11:01:44,595 [com.mchange.v2.async.ThreadPoolAsynchronousRunner$PoolThread-#0] WARN  resourcepool.BasicResourcePool  - Failed to destroy resource: com.mchange.v2.c3p0.impl.NewPooledConnection@166406cf
java.sql.SQLException: Some resources failed to close properly while closing com.mchange.v2.c3p0.impl.NewPooledConnection@166406cf
	at com.mchange.v2.c3p0.impl.NewPooledConnection.close(NewPooledConnection.java:571)
	at com.mchange.v2.c3p0.impl.NewPooledConnection.close(NewPooledConnection.java:234)
	at com.mchange.v2.c3p0.impl.C3P0PooledConnectionPool$1PooledConnectionResourcePoolManager.destroyResource(C3P0PooledConnectionPool.java:470)
	at com.mchange.v2.resourcepool.BasicResourcePool$1DestroyResourceTask.run(BasicResourcePool.java:964)
	at com.mchange.v2.async.ThreadPoolAsynchronousRunner$PoolThread.run(ThreadPoolAsynchronousRunner.java:547)
2016-01-18 11:01:45,069 [com.mchange.v2.async.ThreadPoolAsynchronousRunner$PoolThread-#1] WARN  resourcepool.BasicResourcePool  - Failed to destroy resource: com.mchange.v2.c3p0.impl.NewPooledConnection@6ccf3165
java.sql.SQLException: Some resources failed to close properly while closing com.mchange.v2.c3p0.impl.NewPooledConnection@6ccf3165
	at com.mchange.v2.c3p0.impl.NewPooledConnection.close(NewPooledConnection.java:571)
	at com.mchange.v2.c3p0.impl.NewPooledConnection.close(NewPooledConnection.java:234)
	at com.mchange.v2.c3p0.impl.C3P0PooledConnectionPool$1PooledConnectionResourcePoolManager.destroyResource(C3P0PooledConnectionPool.java:470)
	at com.mchange.v2.resourcepool.BasicResourcePool$1DestroyResourceTask.run(BasicResourcePool.java:964)
	at com.mchange.v2.async.ThreadPoolAsynchronousRunner$PoolThread.run(ThreadPoolAsynchronousRunner.java:547)
2016-01-18 11:01:50,179 [com.mchange.v2.async.ThreadPoolAsynchronousRunner$PoolThread-#2] WARN  resourcepool.BasicResourcePool  - Failed to destroy resource: com.mchange.v2.c3p0.impl.NewPooledConnection@492087e9
java.sql.SQLException: Some resources failed to close properly while closing com.mchange.v2.c3p0.impl.NewPooledConnection@492087e9
	at com.mchange.v2.c3p0.impl.NewPooledConnection.close(NewPooledConnection.java:571)
	at com.mchange.v2.c3p0.impl.NewPooledConnection.close(NewPooledConnection.java:234)
	at com.mchange.v2.c3p0.impl.C3P0PooledConnectionPool$1PooledConnectionResourcePoolManager.destroyResource(C3P0PooledConnectionPool.java:470)
	at com.mchange.v2.resourcepool.BasicResourcePool$1DestroyResourceTask.run(BasicResourcePool.java:964)
	at com.mchange.v2.async.ThreadPoolAsynchronousRunner$PoolThread.run(ThreadPoolAsynchronousRunner.java:547)
2016-01-18 11:38:50,231 [com.mchange.v2.async.ThreadPoolAsynchronousRunner$PoolThread-#1] WARN  resourcepool.BasicResourcePool  - Failed to destroy resource: com.mchange.v2.c3p0.impl.NewPooledConnection@321bb58c
java.sql.SQLException: Some resources failed to close properly while closing com.mchange.v2.c3p0.impl.NewPooledConnection@321bb58c
	at com.mchange.v2.c3p0.impl.NewPooledConnection.close(NewPooledConnection.java:571)
	at com.mchange.v2.c3p0.impl.NewPooledConnection.close(NewPooledConnection.java:234)
	at com.mchange.v2.c3p0.impl.C3P0PooledConnectionPool$1PooledConnectionResourcePoolManager.destroyResource(C3P0PooledConnectionPool.java:470)
	at com.mchange.v2.resourcepool.BasicResourcePool$1DestroyResourceTask.run(BasicResourcePool.java:964)
	at com.mchange.v2.async.ThreadPoolAsynchronousRunner$PoolThread.run(ThreadPoolAsynchronousRunner.java:547)
2016-01-18 11:38:50,233 [com.mchange.v2.async.ThreadPoolAsynchronousRunner$PoolThread-#1] WARN  resourcepool.BasicResourcePool  - Failed to destroy resource: com.mchange.v2.c3p0.impl.NewPooledConnection@4adc4b3e
java.sql.SQLException: Some resources failed to close properly while closing com.mchange.v2.c3p0.impl.NewPooledConnection@4adc4b3e
	at com.mchange.v2.c3p0.impl.NewPooledConnection.close(NewPooledConnection.java:571)
	at com.mchange.v2.c3p0.impl.NewPooledConnection.close(NewPooledConnection.java:234)
	at com.mchange.v2.c3p0.impl.C3P0PooledConnectionPool$1PooledConnectionResourcePoolManager.destroyResource(C3P0PooledConnectionPool.java:470)
	at com.mchange.v2.resourcepool.BasicResourcePool$1DestroyResourceTask.run(BasicResourcePool.java:964)
	at com.mchange.v2.async.ThreadPoolAsynchronousRunner$PoolThread.run(ThreadPoolAsynchronousRunner.java:547)
2016-01-18 11:38:50,234 [com.mchange.v2.async.ThreadPoolAsynchronousRunner$PoolThread-#1] WARN  resourcepool.BasicResourcePool  - Failed to destroy resource: com.mchange.v2.c3p0.impl.NewPooledConnection@1de9a98f
java.sql.SQLException: Some resources failed to close properly while closing com.mchange.v2.c3p0.impl.NewPooledConnection@1de9a98f
	at com.mchange.v2.c3p0.impl.NewPooledConnection.close(NewPooledConnection.java:571)
	at com.mchange.v2.c3p0.impl.NewPooledConnection.close(NewPooledConnection.java:234)
	at com.mchange.v2.c3p0.impl.C3P0PooledConnectionPool$1PooledConnectionResourcePoolManager.destroyResource(C3P0PooledConnectionPool.java:470)
	at com.mchange.v2.resourcepool.BasicResourcePool$1DestroyResourceTask.run(BasicResourcePool.java:964)
	at com.mchange.v2.async.ThreadPoolAsynchronousRunner$PoolThread.run(ThreadPoolAsynchronousRunner.java:547)
2016-01-18 11:38:50,878 [com.mchange.v2.async.ThreadPoolAsynchronousRunner$PoolThread-#2] WARN  resourcepool.BasicResourcePool  - Failed to destroy resource: com.mchange.v2.c3p0.impl.NewPooledConnection@7cd6f4e3
java.sql.SQLException: Some resources failed to close properly while closing com.mchange.v2.c3p0.impl.NewPooledConnection@7cd6f4e3
	at com.mchange.v2.c3p0.impl.NewPooledConnection.close(NewPooledConnection.java:571)
	at com.mchange.v2.c3p0.impl.NewPooledConnection.close(NewPooledConnection.java:234)
	at com.mchange.v2.c3p0.impl.C3P0PooledConnectionPool$1PooledConnectionResourcePoolManager.destroyResource(C3P0PooledConnectionPool.java:470)
	at com.mchange.v2.resourcepool.BasicResourcePool$1DestroyResourceTask.run(BasicResourcePool.java:964)
	at com.mchange.v2.async.ThreadPoolAsynchronousRunner$PoolThread.run(ThreadPoolAsynchronousRunner.java:547)
2016-01-18 11:38:50,879 [com.mchange.v2.async.ThreadPoolAsynchronousRunner$PoolThread-#0] WARN  resourcepool.BasicResourcePool  - Failed to destroy resource: com.mchange.v2.c3p0.impl.NewPooledConnection@3005c72d
java.sql.SQLException: Some resources failed to close properly while closing com.mchange.v2.c3p0.impl.NewPooledConnection@3005c72d
	at com.mchange.v2.c3p0.impl.NewPooledConnection.close(NewPooledConnection.java:571)
	at com.mchange.v2.c3p0.impl.NewPooledConnection.close(NewPooledConnection.java:234)
	at com.mchange.v2.c3p0.impl.C3P0PooledConnectionPool$1PooledConnectionResourcePoolManager.destroyResource(C3P0PooledConnectionPool.java:470)
	at com.mchange.v2.resourcepool.BasicResourcePool$1DestroyResourceTask.run(BasicResourcePool.java:964)
	at com.mchange.v2.async.ThreadPoolAsynchronousRunner$PoolThread.run(ThreadPoolAsynchronousRunner.java:547)
2016-01-18 12:50:00,894 [localhost-startStop-1] WARN  framework.CglibAopProxy  - Unable to proxy method [public final void org.springframework.security.authentication.dao.AbstractUserDetailsAuthenticationProvider.afterPropertiesSet() throws java.lang.Exception] because it is final: All calls to this method via a proxy will be routed directly to the proxy.
2016-01-18 12:50:01,077 [localhost-startStop-1] WARN  security.MyFilterSecurityInterceptor  - Could not validate configuration attributes as the SecurityMetadataSource did not return any attributes from getAllConfigAttributes()
2016-01-18 13:39:01,395 [localhost-startStop-1] WARN  framework.CglibAopProxy  - Unable to proxy method [public final void org.springframework.security.authentication.dao.AbstractUserDetailsAuthenticationProvider.afterPropertiesSet() throws java.lang.Exception] because it is final: All calls to this method via a proxy will be routed directly to the proxy.
2016-01-18 13:39:01,587 [localhost-startStop-1] WARN  security.MyFilterSecurityInterceptor  - Could not validate configuration attributes as the SecurityMetadataSource did not return any attributes from getAllConfigAttributes()
2016-01-18 14:13:59,527 [com.mchange.v2.async.ThreadPoolAsynchronousRunner$PoolThread-#2] WARN  resourcepool.BasicResourcePool  - Failed to destroy resource: com.mchange.v2.c3p0.impl.NewPooledConnection@5ff88a81
java.sql.SQLException: Some resources failed to close properly while closing com.mchange.v2.c3p0.impl.NewPooledConnection@5ff88a81
	at com.mchange.v2.c3p0.impl.NewPooledConnection.close(NewPooledConnection.java:571)
	at com.mchange.v2.c3p0.impl.NewPooledConnection.close(NewPooledConnection.java:234)
	at com.mchange.v2.c3p0.impl.C3P0PooledConnectionPool$1PooledConnectionResourcePoolManager.destroyResource(C3P0PooledConnectionPool.java:470)
	at com.mchange.v2.resourcepool.BasicResourcePool$1DestroyResourceTask.run(BasicResourcePool.java:964)
	at com.mchange.v2.async.ThreadPoolAsynchronousRunner$PoolThread.run(ThreadPoolAsynchronousRunner.java:547)
2016-01-18 14:15:14,511 [com.mchange.v2.async.ThreadPoolAsynchronousRunner$PoolThread-#1] WARN  resourcepool.BasicResourcePool  - Failed to destroy resource: com.mchange.v2.c3p0.impl.NewPooledConnection@7203ac32
java.sql.SQLException: Some resources failed to close properly while closing com.mchange.v2.c3p0.impl.NewPooledConnection@7203ac32
	at com.mchange.v2.c3p0.impl.NewPooledConnection.close(NewPooledConnection.java:571)
	at com.mchange.v2.c3p0.impl.NewPooledConnection.close(NewPooledConnection.java:234)
	at com.mchange.v2.c3p0.impl.C3P0PooledConnectionPool$1PooledConnectionResourcePoolManager.destroyResource(C3P0PooledConnectionPool.java:470)
	at com.mchange.v2.resourcepool.BasicResourcePool$1DestroyResourceTask.run(BasicResourcePool.java:964)
	at com.mchange.v2.async.ThreadPoolAsynchronousRunner$PoolThread.run(ThreadPoolAsynchronousRunner.java:547)
2016-01-18 14:15:14,514 [com.mchange.v2.async.ThreadPoolAsynchronousRunner$PoolThread-#1] WARN  resourcepool.BasicResourcePool  - Failed to destroy resource: com.mchange.v2.c3p0.impl.NewPooledConnection@cd14e7a
java.sql.SQLException: Some resources failed to close properly while closing com.mchange.v2.c3p0.impl.NewPooledConnection@cd14e7a
	at com.mchange.v2.c3p0.impl.NewPooledConnection.close(NewPooledConnection.java:571)
	at com.mchange.v2.c3p0.impl.NewPooledConnection.close(NewPooledConnection.java:234)
	at com.mchange.v2.c3p0.impl.C3P0PooledConnectionPool$1PooledConnectionResourcePoolManager.destroyResource(C3P0PooledConnectionPool.java:470)
	at com.mchange.v2.resourcepool.BasicResourcePool$1DestroyResourceTask.run(BasicResourcePool.java:964)
	at com.mchange.v2.async.ThreadPoolAsynchronousRunner$PoolThread.run(ThreadPoolAsynchronousRunner.java:547)
2016-01-18 14:15:14,670 [com.mchange.v2.async.ThreadPoolAsynchronousRunner$PoolThread-#0] WARN  resourcepool.BasicResourcePool  - Failed to destroy resource: com.mchange.v2.c3p0.impl.NewPooledConnection@387e227f
java.sql.SQLException: Some resources failed to close properly while closing com.mchange.v2.c3p0.impl.NewPooledConnection@387e227f
	at com.mchange.v2.c3p0.impl.NewPooledConnection.close(NewPooledConnection.java:571)
	at com.mchange.v2.c3p0.impl.NewPooledConnection.close(NewPooledConnection.java:234)
	at com.mchange.v2.c3p0.impl.C3P0PooledConnectionPool$1PooledConnectionResourcePoolManager.destroyResource(C3P0PooledConnectionPool.java:470)
	at com.mchange.v2.resourcepool.BasicResourcePool$1DestroyResourceTask.run(BasicResourcePool.java:964)
	at com.mchange.v2.async.ThreadPoolAsynchronousRunner$PoolThread.run(ThreadPoolAsynchronousRunner.java:547)
2016-01-18 14:15:14,670 [com.mchange.v2.async.ThreadPoolAsynchronousRunner$PoolThread-#2] WARN  resourcepool.BasicResourcePool  - Failed to destroy resource: com.mchange.v2.c3p0.impl.NewPooledConnection@102790c4
java.sql.SQLException: Some resources failed to close properly while closing com.mchange.v2.c3p0.impl.NewPooledConnection@102790c4
	at com.mchange.v2.c3p0.impl.NewPooledConnection.close(NewPooledConnection.java:571)
	at com.mchange.v2.c3p0.impl.NewPooledConnection.close(NewPooledConnection.java:234)
	at com.mchange.v2.c3p0.impl.C3P0PooledConnectionPool$1PooledConnectionResourcePoolManager.destroyResource(C3P0PooledConnectionPool.java:470)
	at com.mchange.v2.resourcepool.BasicResourcePool$1DestroyResourceTask.run(BasicResourcePool.java:964)
	at com.mchange.v2.async.ThreadPoolAsynchronousRunner$PoolThread.run(ThreadPoolAsynchronousRunner.java:547)
2016-01-18 15:57:44,807 [com.mchange.v2.async.ThreadPoolAsynchronousRunner$PoolThread-#0] WARN  resourcepool.BasicResourcePool  - Failed to destroy resource: com.mchange.v2.c3p0.impl.NewPooledConnection@72e00409
java.sql.SQLException: Some resources failed to close properly while closing com.mchange.v2.c3p0.impl.NewPooledConnection@72e00409
	at com.mchange.v2.c3p0.impl.NewPooledConnection.close(NewPooledConnection.java:571)
	at com.mchange.v2.c3p0.impl.NewPooledConnection.close(NewPooledConnection.java:234)
	at com.mchange.v2.c3p0.impl.C3P0PooledConnectionPool$1PooledConnectionResourcePoolManager.destroyResource(C3P0PooledConnectionPool.java:470)
	at com.mchange.v2.resourcepool.BasicResourcePool$1DestroyResourceTask.run(BasicResourcePool.java:964)
	at com.mchange.v2.async.ThreadPoolAsynchronousRunner$PoolThread.run(ThreadPoolAsynchronousRunner.java:547)
2016-01-18 15:57:45,050 [com.mchange.v2.async.ThreadPoolAsynchronousRunner$PoolThread-#2] WARN  resourcepool.BasicResourcePool  - Failed to destroy resource: com.mchange.v2.c3p0.impl.NewPooledConnection@64701a66
java.sql.SQLException: Some resources failed to close properly while closing com.mchange.v2.c3p0.impl.NewPooledConnection@64701a66
	at com.mchange.v2.c3p0.impl.NewPooledConnection.close(NewPooledConnection.java:571)
	at com.mchange.v2.c3p0.impl.NewPooledConnection.close(NewPooledConnection.java:234)
	at com.mchange.v2.c3p0.impl.C3P0PooledConnectionPool$1PooledConnectionResourcePoolManager.destroyResource(C3P0PooledConnectionPool.java:470)
	at com.mchange.v2.resourcepool.BasicResourcePool$1DestroyResourceTask.run(BasicResourcePool.java:964)
	at com.mchange.v2.async.ThreadPoolAsynchronousRunner$PoolThread.run(ThreadPoolAsynchronousRunner.java:547)
2016-01-18 16:02:44,805 [com.mchange.v2.async.ThreadPoolAsynchronousRunner$PoolThread-#1] WARN  resourcepool.BasicResourcePool  - Failed to destroy resource: com.mchange.v2.c3p0.impl.NewPooledConnection@28bfcac9
java.sql.SQLException: Some resources failed to close properly while closing com.mchange.v2.c3p0.impl.NewPooledConnection@28bfcac9
	at com.mchange.v2.c3p0.impl.NewPooledConnection.close(NewPooledConnection.java:571)
	at com.mchange.v2.c3p0.impl.NewPooledConnection.close(NewPooledConnection.java:234)
	at com.mchange.v2.c3p0.impl.C3P0PooledConnectionPool$1PooledConnectionResourcePoolManager.destroyResource(C3P0PooledConnectionPool.java:470)
	at com.mchange.v2.resourcepool.BasicResourcePool$1DestroyResourceTask.run(BasicResourcePool.java:964)
	at com.mchange.v2.async.ThreadPoolAsynchronousRunner$PoolThread.run(ThreadPoolAsynchronousRunner.java:547)
2016-01-18 16:02:44,804 [com.mchange.v2.async.ThreadPoolAsynchronousRunner$PoolThread-#2] WARN  resourcepool.BasicResourcePool  - Failed to destroy resource: com.mchange.v2.c3p0.impl.NewPooledConnection@69e19dfc
java.sql.SQLException: Some resources failed to close properly while closing com.mchange.v2.c3p0.impl.NewPooledConnection@69e19dfc
	at com.mchange.v2.c3p0.impl.NewPooledConnection.close(NewPooledConnection.java:571)
	at com.mchange.v2.c3p0.impl.NewPooledConnection.close(NewPooledConnection.java:234)
	at com.mchange.v2.c3p0.impl.C3P0PooledConnectionPool$1PooledConnectionResourcePoolManager.destroyResource(C3P0PooledConnectionPool.java:470)
	at com.mchange.v2.resourcepool.BasicResourcePool$1DestroyResourceTask.run(BasicResourcePool.java:964)
	at com.mchange.v2.async.ThreadPoolAsynchronousRunner$PoolThread.run(ThreadPoolAsynchronousRunner.java:547)
2016-01-18 16:02:44,808 [com.mchange.v2.async.ThreadPoolAsynchronousRunner$PoolThread-#0] WARN  resourcepool.BasicResourcePool  - Failed to destroy resource: com.mchange.v2.c3p0.impl.NewPooledConnection@9cbbeae
java.sql.SQLException: Some resources failed to close properly while closing com.mchange.v2.c3p0.impl.NewPooledConnection@9cbbeae
	at com.mchange.v2.c3p0.impl.NewPooledConnection.close(NewPooledConnection.java:571)
	at com.mchange.v2.c3p0.impl.NewPooledConnection.close(NewPooledConnection.java:234)
	at com.mchange.v2.c3p0.impl.C3P0PooledConnectionPool$1PooledConnectionResourcePoolManager.destroyResource(C3P0PooledConnectionPool.java:470)
	at com.mchange.v2.resourcepool.BasicResourcePool$1DestroyResourceTask.run(BasicResourcePool.java:964)
	at com.mchange.v2.async.ThreadPoolAsynchronousRunner$PoolThread.run(ThreadPoolAsynchronousRunner.java:547)
2016-01-18 16:03:59,819 [com.mchange.v2.async.ThreadPoolAsynchronousRunner$PoolThread-#0] WARN  resourcepool.BasicResourcePool  - Failed to destroy resource: com.mchange.v2.c3p0.impl.NewPooledConnection@7be34384
java.sql.SQLException: Some resources failed to close properly while closing com.mchange.v2.c3p0.impl.NewPooledConnection@7be34384
	at com.mchange.v2.c3p0.impl.NewPooledConnection.close(NewPooledConnection.java:571)
	at com.mchange.v2.c3p0.impl.NewPooledConnection.close(NewPooledConnection.java:234)
	at com.mchange.v2.c3p0.impl.C3P0PooledConnectionPool$1PooledConnectionResourcePoolManager.destroyResource(C3P0PooledConnectionPool.java:470)
	at com.mchange.v2.resourcepool.BasicResourcePool$1DestroyResourceTask.run(BasicResourcePool.java:964)
	at com.mchange.v2.async.ThreadPoolAsynchronousRunner$PoolThread.run(ThreadPoolAsynchronousRunner.java:547)
2016-01-18 16:03:59,818 [com.mchange.v2.async.ThreadPoolAsynchronousRunner$PoolThread-#2] WARN  resourcepool.BasicResourcePool  - Failed to destroy resource: com.mchange.v2.c3p0.impl.NewPooledConnection@3dff9e9b
java.sql.SQLException: Some resources failed to close properly while closing com.mchange.v2.c3p0.impl.NewPooledConnection@3dff9e9b
	at com.mchange.v2.c3p0.impl.NewPooledConnection.close(NewPooledConnection.java:571)
	at com.mchange.v2.c3p0.impl.NewPooledConnection.close(NewPooledConnection.java:234)
	at com.mchange.v2.c3p0.impl.C3P0PooledConnectionPool$1PooledConnectionResourcePoolManager.destroyResource(C3P0PooledConnectionPool.java:470)
	at com.mchange.v2.resourcepool.BasicResourcePool$1DestroyResourceTask.run(BasicResourcePool.java:964)
	at com.mchange.v2.async.ThreadPoolAsynchronousRunner$PoolThread.run(ThreadPoolAsynchronousRunner.java:547)
2016-01-18 20:36:04,775 [com.mchange.v2.async.ThreadPoolAsynchronousRunner$PoolThread-#2] WARN  resourcepool.BasicResourcePool  - Failed to destroy resource: com.mchange.v2.c3p0.impl.NewPooledConnection@727b914d
java.sql.SQLException: Some resources failed to close properly while closing com.mchange.v2.c3p0.impl.NewPooledConnection@727b914d
	at com.mchange.v2.c3p0.impl.NewPooledConnection.close(NewPooledConnection.java:571)
	at com.mchange.v2.c3p0.impl.NewPooledConnection.close(NewPooledConnection.java:234)
	at com.mchange.v2.c3p0.impl.C3P0PooledConnectionPool$1PooledConnectionResourcePoolManager.destroyResource(C3P0PooledConnectionPool.java:470)
	at com.mchange.v2.resourcepool.BasicResourcePool$1DestroyResourceTask.run(BasicResourcePool.java:964)
	at com.mchange.v2.async.ThreadPoolAsynchronousRunner$PoolThread.run(ThreadPoolAsynchronousRunner.java:547)
2016-01-18 20:36:04,774 [com.mchange.v2.async.ThreadPoolAsynchronousRunner$PoolThread-#0] WARN  resourcepool.BasicResourcePool  - Failed to destroy resource: com.mchange.v2.c3p0.impl.NewPooledConnection@36323ef6
java.sql.SQLException: Some resources failed to close properly while closing com.mchange.v2.c3p0.impl.NewPooledConnection@36323ef6
	at com.mchange.v2.c3p0.impl.NewPooledConnection.close(NewPooledConnection.java:571)
	at com.mchange.v2.c3p0.impl.NewPooledConnection.close(NewPooledConnection.java:234)
	at com.mchange.v2.c3p0.impl.C3P0PooledConnectionPool$1PooledConnectionResourcePoolManager.destroyResource(C3P0PooledConnectionPool.java:470)
	at com.mchange.v2.resourcepool.BasicResourcePool$1DestroyResourceTask.run(BasicResourcePool.java:964)
	at com.mchange.v2.async.ThreadPoolAsynchronousRunner$PoolThread.run(ThreadPoolAsynchronousRunner.java:547)
2016-01-18 20:36:04,775 [com.mchange.v2.async.ThreadPoolAsynchronousRunner$PoolThread-#1] WARN  resourcepool.BasicResourcePool  - Failed to destroy resource: com.mchange.v2.c3p0.impl.NewPooledConnection@7055fe6a
java.sql.SQLException: Some resources failed to close properly while closing com.mchange.v2.c3p0.impl.NewPooledConnection@7055fe6a
	at com.mchange.v2.c3p0.impl.NewPooledConnection.close(NewPooledConnection.java:571)
	at com.mchange.v2.c3p0.impl.NewPooledConnection.close(NewPooledConnection.java:234)
	at com.mchange.v2.c3p0.impl.C3P0PooledConnectionPool$1PooledConnectionResourcePoolManager.destroyResource(C3P0PooledConnectionPool.java:470)
	at com.mchange.v2.resourcepool.BasicResourcePool$1DestroyResourceTask.run(BasicResourcePool.java:964)
	at com.mchange.v2.async.ThreadPoolAsynchronousRunner$PoolThread.run(ThreadPoolAsynchronousRunner.java:547)
2016-01-18 20:36:04,778 [com.mchange.v2.async.ThreadPoolAsynchronousRunner$PoolThread-#2] WARN  resourcepool.BasicResourcePool  - Failed to destroy resource: com.mchange.v2.c3p0.impl.NewPooledConnection@51b8c9a
java.sql.SQLException: Some resources failed to close properly while closing com.mchange.v2.c3p0.impl.NewPooledConnection@51b8c9a
	at com.mchange.v2.c3p0.impl.NewPooledConnection.close(NewPooledConnection.java:571)
	at com.mchange.v2.c3p0.impl.NewPooledConnection.close(NewPooledConnection.java:234)
	at com.mchange.v2.c3p0.impl.C3P0PooledConnectionPool$1PooledConnectionResourcePoolManager.destroyResource(C3P0PooledConnectionPool.java:470)
	at com.mchange.v2.resourcepool.BasicResourcePool$1DestroyResourceTask.run(BasicResourcePool.java:964)
	at com.mchange.v2.async.ThreadPoolAsynchronousRunner$PoolThread.run(ThreadPoolAsynchronousRunner.java:547)
2016-01-18 20:36:04,779 [com.mchange.v2.async.ThreadPoolAsynchronousRunner$PoolThread-#0] WARN  resourcepool.BasicResourcePool  - Failed to destroy resource: com.mchange.v2.c3p0.impl.NewPooledConnection@37344d2
java.sql.SQLException: Some resources failed to close properly while closing com.mchange.v2.c3p0.impl.NewPooledConnection@37344d2
	at com.mchange.v2.c3p0.impl.NewPooledConnection.close(NewPooledConnection.java:571)
	at com.mchange.v2.c3p0.impl.NewPooledConnection.close(NewPooledConnection.java:234)
	at com.mchange.v2.c3p0.impl.C3P0PooledConnectionPool$1PooledConnectionResourcePoolManager.destroyResource(C3P0PooledConnectionPool.java:470)
	at com.mchange.v2.resourcepool.BasicResourcePool$1DestroyResourceTask.run(BasicResourcePool.java:964)
	at com.mchange.v2.async.ThreadPoolAsynchronousRunner$PoolThread.run(ThreadPoolAsynchronousRunner.java:547)
2016-01-18 21:20:55,792 [com.mchange.v2.async.ThreadPoolAsynchronousRunner$PoolThread-#2] WARN  resourcepool.BasicResourcePool  - Failed to destroy resource: com.mchange.v2.c3p0.impl.NewPooledConnection@4d6b9f6f
java.sql.SQLException: Some resources failed to close properly while closing com.mchange.v2.c3p0.impl.NewPooledConnection@4d6b9f6f
	at com.mchange.v2.c3p0.impl.NewPooledConnection.close(NewPooledConnection.java:571)
	at com.mchange.v2.c3p0.impl.NewPooledConnection.close(NewPooledConnection.java:234)
	at com.mchange.v2.c3p0.impl.C3P0PooledConnectionPool$1PooledConnectionResourcePoolManager.destroyResource(C3P0PooledConnectionPool.java:470)
	at com.mchange.v2.resourcepool.BasicResourcePool$1DestroyResourceTask.run(BasicResourcePool.java:964)
	at com.mchange.v2.async.ThreadPoolAsynchronousRunner$PoolThread.run(ThreadPoolAsynchronousRunner.java:547)
2016-01-18 21:20:55,793 [com.mchange.v2.async.ThreadPoolAsynchronousRunner$PoolThread-#1] WARN  resourcepool.BasicResourcePool  - Failed to destroy resource: com.mchange.v2.c3p0.impl.NewPooledConnection@5753d2af
java.sql.SQLException: Some resources failed to close properly while closing com.mchange.v2.c3p0.impl.NewPooledConnection@5753d2af
	at com.mchange.v2.c3p0.impl.NewPooledConnection.close(NewPooledConnection.java:571)
	at com.mchange.v2.c3p0.impl.NewPooledConnection.close(NewPooledConnection.java:234)
	at com.mchange.v2.c3p0.impl.C3P0PooledConnectionPool$1PooledConnectionResourcePoolManager.destroyResource(C3P0PooledConnectionPool.java:470)
	at com.mchange.v2.resourcepool.BasicResourcePool$1DestroyResourceTask.run(BasicResourcePool.java:964)
	at com.mchange.v2.async.ThreadPoolAsynchronousRunner$PoolThread.run(ThreadPoolAsynchronousRunner.java:547)
2016-01-18 21:20:55,802 [com.mchange.v2.async.ThreadPoolAsynchronousRunner$PoolThread-#2] WARN  resourcepool.BasicResourcePool  - Failed to destroy resource: com.mchange.v2.c3p0.impl.NewPooledConnection@180ce112
java.sql.SQLException: Some resources failed to close properly while closing com.mchange.v2.c3p0.impl.NewPooledConnection@180ce112
	at com.mchange.v2.c3p0.impl.NewPooledConnection.close(NewPooledConnection.java:571)
	at com.mchange.v2.c3p0.impl.NewPooledConnection.close(NewPooledConnection.java:234)
	at com.mchange.v2.c3p0.impl.C3P0PooledConnectionPool$1PooledConnectionResourcePoolManager.destroyResource(C3P0PooledConnectionPool.java:470)
	at com.mchange.v2.resourcepool.BasicResourcePool$1DestroyResourceTask.run(BasicResourcePool.java:964)
	at com.mchange.v2.async.ThreadPoolAsynchronousRunner$PoolThread.run(ThreadPoolAsynchronousRunner.java:547)
2016-01-18 21:20:55,803 [com.mchange.v2.async.ThreadPoolAsynchronousRunner$PoolThread-#1] WARN  resourcepool.BasicResourcePool  - Failed to destroy resource: com.mchange.v2.c3p0.impl.NewPooledConnection@632fa7d
java.sql.SQLException: Some resources failed to close properly while closing com.mchange.v2.c3p0.impl.NewPooledConnection@632fa7d
	at com.mchange.v2.c3p0.impl.NewPooledConnection.close(NewPooledConnection.java:571)
	at com.mchange.v2.c3p0.impl.NewPooledConnection.close(NewPooledConnection.java:234)
	at com.mchange.v2.c3p0.impl.C3P0PooledConnectionPool$1PooledConnectionResourcePoolManager.destroyResource(C3P0PooledConnectionPool.java:470)
	at com.mchange.v2.resourcepool.BasicResourcePool$1DestroyResourceTask.run(BasicResourcePool.java:964)
	at com.mchange.v2.async.ThreadPoolAsynchronousRunner$PoolThread.run(ThreadPoolAsynchronousRunner.java:547)
2016-01-18 21:20:55,952 [com.mchange.v2.async.ThreadPoolAsynchronousRunner$PoolThread-#0] WARN  resourcepool.BasicResourcePool  - Failed to destroy resource: com.mchange.v2.c3p0.impl.NewPooledConnection@5694502
java.sql.SQLException: Some resources failed to close properly while closing com.mchange.v2.c3p0.impl.NewPooledConnection@5694502
	at com.mchange.v2.c3p0.impl.NewPooledConnection.close(NewPooledConnection.java:571)
	at com.mchange.v2.c3p0.impl.NewPooledConnection.close(NewPooledConnection.java:234)
	at com.mchange.v2.c3p0.impl.C3P0PooledConnectionPool$1PooledConnectionResourcePoolManager.destroyResource(C3P0PooledConnectionPool.java:470)
	at com.mchange.v2.resourcepool.BasicResourcePool$1DestroyResourceTask.run(BasicResourcePool.java:964)
	at com.mchange.v2.async.ThreadPoolAsynchronousRunner$PoolThread.run(ThreadPoolAsynchronousRunner.java:547)
