2016-01-15 12:49:12,987 [Timer-0] WARN  async.ThreadPoolAsynchronousRunner  - com.mchange.v2.async.ThreadPoolAsynchronousRunner$DeadlockDetector@1c9f90b3 -- APPARENT DEADLOCK!!! Creating emergency threads for unassigned pending tasks!
2016-01-15 12:49:12,999 [Timer-0] WARN  async.ThreadPoolAsynchronousRunner  - com.mchange.v2.async.ThreadPoolAsynchronousRunner$DeadlockDetector@1c9f90b3 -- APPARENT DEADLOCK!!! Complete Status: 
	Managed Threads: 3
	Active Threads: 3
	Active Tasks: 
		com.mchange.v2.resourcepool.BasicResourcePool$AcquireTask@1cae57c5 (com.mchange.v2.async.ThreadPoolAsynchronousRunner$PoolThread-#1)
		com.mchange.v2.resourcepool.BasicResourcePool$AcquireTask@7a045538 (com.mchange.v2.async.ThreadPoolAsynchronousRunner$PoolThread-#0)
		com.mchange.v2.resourcepool.BasicResourcePool$AcquireTask@32770e1d (com.mchange.v2.async.ThreadPoolAsynchronousRunner$PoolThread-#2)
	Pending Tasks: 
		com.mchange.v2.resourcepool.BasicResourcePool$AcquireTask@263fabcd
		com.mchange.v2.resourcepool.BasicResourcePool$AcquireTask@1e283359
Pool thread stack traces:
	Thread[com.mchange.v2.async.ThreadPoolAsynchronousRunner$PoolThread-#2,5,main]
		java.net.PlainSocketImpl.socketConnect(Native Method)
		java.net.AbstractPlainSocketImpl.doConnect(AbstractPlainSocketImpl.java:339)
		java.net.AbstractPlainSocketImpl.connectToAddress(AbstractPlainSocketImpl.java:200)
		java.net.AbstractPlainSocketImpl.connect(AbstractPlainSocketImpl.java:182)
		java.net.SocksSocketImpl.connect(SocksSocketImpl.java:392)
		java.net.Socket.connect(Socket.java:579)
		java.net.Socket.connect(Socket.java:528)
		java.net.Socket.<init>(Socket.java:425)
		java.net.Socket.<init>(Socket.java:208)
		oracle.net.nt.TcpNTAdapter.connect(Unknown Source)
		oracle.net.nt.ConnOption.connect(Unknown Source)
		oracle.net.nt.ConnStrategy.execute(Unknown Source)
		oracle.net.resolver.AddrResolution.resolveAndExecute(Unknown Source)
		oracle.net.ns.NSProtocol.establishConnection(Unknown Source)
		oracle.net.ns.NSProtocol.connect(Unknown Source)
		oracle.jdbc.driver.T4CConnection.connect(T4CConnection.java:844)
		oracle.jdbc.driver.T4CConnection.logon(T4CConnection.java:268)
		oracle.jdbc.driver.PhysicalConnection.<init>(PhysicalConnection.java:414)
		oracle.jdbc.driver.T4CConnection.<init>(T4CConnection.java:165)
		oracle.jdbc.driver.T4CDriverExtension.getConnection(T4CDriverExtension.java:35)
		oracle.jdbc.driver.OracleDriver.connect(OracleDriver.java:801)
		com.mchange.v2.c3p0.DriverManagerDataSource.getConnection(DriverManagerDataSource.java:134)
		com.mchange.v2.c3p0.WrapperConnectionPoolDataSource.getPooledConnection(WrapperConnectionPoolDataSource.java:182)
		com.mchange.v2.c3p0.WrapperConnectionPoolDataSource.getPooledConnection(WrapperConnectionPoolDataSource.java:171)
		com.mchange.v2.c3p0.impl.C3P0PooledConnectionPool$1PooledConnectionResourcePoolManager.acquireResource(C3P0PooledConnectionPool.java:137)
		com.mchange.v2.resourcepool.BasicResourcePool.doAcquire(BasicResourcePool.java:1014)
		com.mchange.v2.resourcepool.BasicResourcePool.access$800(BasicResourcePool.java:32)
		com.mchange.v2.resourcepool.BasicResourcePool$AcquireTask.run(BasicResourcePool.java:1810)
		com.mchange.v2.async.ThreadPoolAsynchronousRunner$PoolThread.run(ThreadPoolAsynchronousRunner.java:547)
	Thread[com.mchange.v2.async.ThreadPoolAsynchronousRunner$PoolThread-#0,5,main]
		java.net.PlainSocketImpl.socketConnect(Native Method)
		java.net.AbstractPlainSocketImpl.doConnect(AbstractPlainSocketImpl.java:339)
		java.net.AbstractPlainSocketImpl.connectToAddress(AbstractPlainSocketImpl.java:200)
		java.net.AbstractPlainSocketImpl.connect(AbstractPlainSocketImpl.java:182)
		java.net.SocksSocketImpl.connect(SocksSocketImpl.java:392)
		java.net.Socket.connect(Socket.java:579)
		java.net.Socket.connect(Socket.java:528)
		java.net.Socket.<init>(Socket.java:425)
		java.net.Socket.<init>(Socket.java:208)
		oracle.net.nt.TcpNTAdapter.connect(Unknown Source)
		oracle.net.nt.ConnOption.connect(Unknown Source)
		oracle.net.nt.ConnStrategy.execute(Unknown Source)
		oracle.net.resolver.AddrResolution.resolveAndExecute(Unknown Source)
		oracle.net.ns.NSProtocol.establishConnection(Unknown Source)
		oracle.net.ns.NSProtocol.connect(Unknown Source)
		oracle.jdbc.driver.T4CConnection.connect(T4CConnection.java:844)
		oracle.jdbc.driver.T4CConnection.logon(T4CConnection.java:268)
		oracle.jdbc.driver.PhysicalConnection.<init>(PhysicalConnection.java:414)
		oracle.jdbc.driver.T4CConnection.<init>(T4CConnection.java:165)
		oracle.jdbc.driver.T4CDriverExtension.getConnection(T4CDriverExtension.java:35)
		oracle.jdbc.driver.OracleDriver.connect(OracleDriver.java:801)
		com.mchange.v2.c3p0.DriverManagerDataSource.getConnection(DriverManagerDataSource.java:134)
		com.mchange.v2.c3p0.WrapperConnectionPoolDataSource.getPooledConnection(WrapperConnectionPoolDataSource.java:182)
		com.mchange.v2.c3p0.WrapperConnectionPoolDataSource.getPooledConnection(WrapperConnectionPoolDataSource.java:171)
		com.mchange.v2.c3p0.impl.C3P0PooledConnectionPool$1PooledConnectionResourcePoolManager.acquireResource(C3P0PooledConnectionPool.java:137)
		com.mchange.v2.resourcepool.BasicResourcePool.doAcquire(BasicResourcePool.java:1014)
		com.mchange.v2.resourcepool.BasicResourcePool.access$800(BasicResourcePool.java:32)
		com.mchange.v2.resourcepool.BasicResourcePool$AcquireTask.run(BasicResourcePool.java:1810)
		com.mchange.v2.async.ThreadPoolAsynchronousRunner$PoolThread.run(ThreadPoolAsynchronousRunner.java:547)
	Thread[com.mchange.v2.async.ThreadPoolAsynchronousRunner$PoolThread-#1,5,main]
		java.net.PlainSocketImpl.socketConnect(Native Method)
		java.net.AbstractPlainSocketImpl.doConnect(AbstractPlainSocketImpl.java:339)
		java.net.AbstractPlainSocketImpl.connectToAddress(AbstractPlainSocketImpl.java:200)
		java.net.AbstractPlainSocketImpl.connect(AbstractPlainSocketImpl.java:182)
		java.net.SocksSocketImpl.connect(SocksSocketImpl.java:392)
		java.net.Socket.connect(Socket.java:579)
		java.net.Socket.connect(Socket.java:528)
		java.net.Socket.<init>(Socket.java:425)
		java.net.Socket.<init>(Socket.java:208)
		oracle.net.nt.TcpNTAdapter.connect(Unknown Source)
		oracle.net.nt.ConnOption.connect(Unknown Source)
		oracle.net.nt.ConnStrategy.execute(Unknown Source)
		oracle.net.resolver.AddrResolution.resolveAndExecute(Unknown Source)
		oracle.net.ns.NSProtocol.establishConnection(Unknown Source)
		oracle.net.ns.NSProtocol.connect(Unknown Source)
		oracle.jdbc.driver.T4CConnection.connect(T4CConnection.java:844)
		oracle.jdbc.driver.T4CConnection.logon(T4CConnection.java:268)
		oracle.jdbc.driver.PhysicalConnection.<init>(PhysicalConnection.java:414)
		oracle.jdbc.driver.T4CConnection.<init>(T4CConnection.java:165)
		oracle.jdbc.driver.T4CDriverExtension.getConnection(T4CDriverExtension.java:35)
		oracle.jdbc.driver.OracleDriver.connect(OracleDriver.java:801)
		com.mchange.v2.c3p0.DriverManagerDataSource.getConnection(DriverManagerDataSource.java:134)
		com.mchange.v2.c3p0.WrapperConnectionPoolDataSource.getPooledConnection(WrapperConnectionPoolDataSource.java:182)
		com.mchange.v2.c3p0.WrapperConnectionPoolDataSource.getPooledConnection(WrapperConnectionPoolDataSource.java:171)
		com.mchange.v2.c3p0.impl.C3P0PooledConnectionPool$1PooledConnectionResourcePoolManager.acquireResource(C3P0PooledConnectionPool.java:137)
		com.mchange.v2.resourcepool.BasicResourcePool.doAcquire(BasicResourcePool.java:1014)
		com.mchange.v2.resourcepool.BasicResourcePool.access$800(BasicResourcePool.java:32)
		com.mchange.v2.resourcepool.BasicResourcePool$AcquireTask.run(BasicResourcePool.java:1810)
		com.mchange.v2.async.ThreadPoolAsynchronousRunner$PoolThread.run(ThreadPoolAsynchronousRunner.java:547)


2016-01-15 12:50:24,455 [Timer-0] WARN  async.ThreadPoolAsynchronousRunner  - com.mchange.v2.async.ThreadPoolAsynchronousRunner$DeadlockDetector@29fc84c8 -- APPARENT DEADLOCK!!! Creating emergency threads for unassigned pending tasks!
2016-01-15 12:50:24,467 [Timer-0] WARN  async.ThreadPoolAsynchronousRunner  - com.mchange.v2.async.ThreadPoolAsynchronousRunner$DeadlockDetector@29fc84c8 -- APPARENT DEADLOCK!!! Complete Status: 
	Managed Threads: 3
	Active Threads: 3
	Active Tasks: 
		com.mchange.v2.resourcepool.BasicResourcePool$AcquireTask@4265a08d (com.mchange.v2.async.ThreadPoolAsynchronousRunner$PoolThread-#2)
		com.mchange.v2.resourcepool.BasicResourcePool$AcquireTask@1e0fab09 (com.mchange.v2.async.ThreadPoolAsynchronousRunner$PoolThread-#0)
		com.mchange.v2.resourcepool.BasicResourcePool$AcquireTask@16a5eb4a (com.mchange.v2.async.ThreadPoolAsynchronousRunner$PoolThread-#1)
	Pending Tasks: 
		com.mchange.v2.resourcepool.BasicResourcePool$AcquireTask@66fa52e3
		com.mchange.v2.resourcepool.BasicResourcePool$AcquireTask@3c57e9e6
Pool thread stack traces:
	Thread[com.mchange.v2.async.ThreadPoolAsynchronousRunner$PoolThread-#2,5,main]
		java.net.PlainSocketImpl.socketConnect(Native Method)
		java.net.AbstractPlainSocketImpl.doConnect(AbstractPlainSocketImpl.java:339)
		java.net.AbstractPlainSocketImpl.connectToAddress(AbstractPlainSocketImpl.java:200)
		java.net.AbstractPlainSocketImpl.connect(AbstractPlainSocketImpl.java:182)
		java.net.SocksSocketImpl.connect(SocksSocketImpl.java:392)
		java.net.Socket.connect(Socket.java:579)
		java.net.Socket.connect(Socket.java:528)
		java.net.Socket.<init>(Socket.java:425)
		java.net.Socket.<init>(Socket.java:208)
		oracle.net.nt.TcpNTAdapter.connect(Unknown Source)
		oracle.net.nt.ConnOption.connect(Unknown Source)
		oracle.net.nt.ConnStrategy.execute(Unknown Source)
		oracle.net.resolver.AddrResolution.resolveAndExecute(Unknown Source)
		oracle.net.ns.NSProtocol.establishConnection(Unknown Source)
		oracle.net.ns.NSProtocol.connect(Unknown Source)
		oracle.jdbc.driver.T4CConnection.connect(T4CConnection.java:844)
		oracle.jdbc.driver.T4CConnection.logon(T4CConnection.java:268)
		oracle.jdbc.driver.PhysicalConnection.<init>(PhysicalConnection.java:414)
		oracle.jdbc.driver.T4CConnection.<init>(T4CConnection.java:165)
		oracle.jdbc.driver.T4CDriverExtension.getConnection(T4CDriverExtension.java:35)
		oracle.jdbc.driver.OracleDriver.connect(OracleDriver.java:801)
		com.mchange.v2.c3p0.DriverManagerDataSource.getConnection(DriverManagerDataSource.java:134)
		com.mchange.v2.c3p0.WrapperConnectionPoolDataSource.getPooledConnection(WrapperConnectionPoolDataSource.java:182)
		com.mchange.v2.c3p0.WrapperConnectionPoolDataSource.getPooledConnection(WrapperConnectionPoolDataSource.java:171)
		com.mchange.v2.c3p0.impl.C3P0PooledConnectionPool$1PooledConnectionResourcePoolManager.acquireResource(C3P0PooledConnectionPool.java:137)
		com.mchange.v2.resourcepool.BasicResourcePool.doAcquire(BasicResourcePool.java:1014)
		com.mchange.v2.resourcepool.BasicResourcePool.access$800(BasicResourcePool.java:32)
		com.mchange.v2.resourcepool.BasicResourcePool$AcquireTask.run(BasicResourcePool.java:1810)
		com.mchange.v2.async.ThreadPoolAsynchronousRunner$PoolThread.run(ThreadPoolAsynchronousRunner.java:547)
	Thread[com.mchange.v2.async.ThreadPoolAsynchronousRunner$PoolThread-#1,5,main]
		java.net.PlainSocketImpl.socketConnect(Native Method)
		java.net.AbstractPlainSocketImpl.doConnect(AbstractPlainSocketImpl.java:339)
		java.net.AbstractPlainSocketImpl.connectToAddress(AbstractPlainSocketImpl.java:200)
		java.net.AbstractPlainSocketImpl.connect(AbstractPlainSocketImpl.java:182)
		java.net.SocksSocketImpl.connect(SocksSocketImpl.java:392)
		java.net.Socket.connect(Socket.java:579)
		java.net.Socket.connect(Socket.java:528)
		java.net.Socket.<init>(Socket.java:425)
		java.net.Socket.<init>(Socket.java:208)
		oracle.net.nt.TcpNTAdapter.connect(Unknown Source)
		oracle.net.nt.ConnOption.connect(Unknown Source)
		oracle.net.nt.ConnStrategy.execute(Unknown Source)
		oracle.net.resolver.AddrResolution.resolveAndExecute(Unknown Source)
		oracle.net.ns.NSProtocol.establishConnection(Unknown Source)
		oracle.net.ns.NSProtocol.connect(Unknown Source)
		oracle.jdbc.driver.T4CConnection.connect(T4CConnection.java:844)
		oracle.jdbc.driver.T4CConnection.logon(T4CConnection.java:268)
		oracle.jdbc.driver.PhysicalConnection.<init>(PhysicalConnection.java:414)
		oracle.jdbc.driver.T4CConnection.<init>(T4CConnection.java:165)
		oracle.jdbc.driver.T4CDriverExtension.getConnection(T4CDriverExtension.java:35)
		oracle.jdbc.driver.OracleDriver.connect(OracleDriver.java:801)
		com.mchange.v2.c3p0.DriverManagerDataSource.getConnection(DriverManagerDataSource.java:134)
		com.mchange.v2.c3p0.WrapperConnectionPoolDataSource.getPooledConnection(WrapperConnectionPoolDataSource.java:182)
		com.mchange.v2.c3p0.WrapperConnectionPoolDataSource.getPooledConnection(WrapperConnectionPoolDataSource.java:171)
		com.mchange.v2.c3p0.impl.C3P0PooledConnectionPool$1PooledConnectionResourcePoolManager.acquireResource(C3P0PooledConnectionPool.java:137)
		com.mchange.v2.resourcepool.BasicResourcePool.doAcquire(BasicResourcePool.java:1014)
		com.mchange.v2.resourcepool.BasicResourcePool.access$800(BasicResourcePool.java:32)
		com.mchange.v2.resourcepool.BasicResourcePool$AcquireTask.run(BasicResourcePool.java:1810)
		com.mchange.v2.async.ThreadPoolAsynchronousRunner$PoolThread.run(ThreadPoolAsynchronousRunner.java:547)
	Thread[com.mchange.v2.async.ThreadPoolAsynchronousRunner$PoolThread-#0,5,main]
		java.net.PlainSocketImpl.socketConnect(Native Method)
		java.net.AbstractPlainSocketImpl.doConnect(AbstractPlainSocketImpl.java:339)
		java.net.AbstractPlainSocketImpl.connectToAddress(AbstractPlainSocketImpl.java:200)
		java.net.AbstractPlainSocketImpl.connect(AbstractPlainSocketImpl.java:182)
		java.net.SocksSocketImpl.connect(SocksSocketImpl.java:392)
		java.net.Socket.connect(Socket.java:579)
		java.net.Socket.connect(Socket.java:528)
		java.net.Socket.<init>(Socket.java:425)
		java.net.Socket.<init>(Socket.java:208)
		oracle.net.nt.TcpNTAdapter.connect(Unknown Source)
		oracle.net.nt.ConnOption.connect(Unknown Source)
		oracle.net.nt.ConnStrategy.execute(Unknown Source)
		oracle.net.resolver.AddrResolution.resolveAndExecute(Unknown Source)
		oracle.net.ns.NSProtocol.establishConnection(Unknown Source)
		oracle.net.ns.NSProtocol.connect(Unknown Source)
		oracle.jdbc.driver.T4CConnection.connect(T4CConnection.java:844)
		oracle.jdbc.driver.T4CConnection.logon(T4CConnection.java:268)
		oracle.jdbc.driver.PhysicalConnection.<init>(PhysicalConnection.java:414)
		oracle.jdbc.driver.T4CConnection.<init>(T4CConnection.java:165)
		oracle.jdbc.driver.T4CDriverExtension.getConnection(T4CDriverExtension.java:35)
		oracle.jdbc.driver.OracleDriver.connect(OracleDriver.java:801)
		com.mchange.v2.c3p0.DriverManagerDataSource.getConnection(DriverManagerDataSource.java:134)
		com.mchange.v2.c3p0.WrapperConnectionPoolDataSource.getPooledConnection(WrapperConnectionPoolDataSource.java:182)
		com.mchange.v2.c3p0.WrapperConnectionPoolDataSource.getPooledConnection(WrapperConnectionPoolDataSource.java:171)
		com.mchange.v2.c3p0.impl.C3P0PooledConnectionPool$1PooledConnectionResourcePoolManager.acquireResource(C3P0PooledConnectionPool.java:137)
		com.mchange.v2.resourcepool.BasicResourcePool.doAcquire(BasicResourcePool.java:1014)
		com.mchange.v2.resourcepool.BasicResourcePool.access$800(BasicResourcePool.java:32)
		com.mchange.v2.resourcepool.BasicResourcePool$AcquireTask.run(BasicResourcePool.java:1810)
		com.mchange.v2.async.ThreadPoolAsynchronousRunner$PoolThread.run(ThreadPoolAsynchronousRunner.java:547)


2016-01-15 12:51:24,477 [Timer-0] WARN  async.ThreadPoolAsynchronousRunner  - Task com.mchange.v2.resourcepool.BasicResourcePool$AcquireTask@4265a08d (in deadlocked PoolThread) failed to complete in maximum time 60000ms. Trying interrupt().
2016-01-15 12:51:24,479 [Timer-0] WARN  async.ThreadPoolAsynchronousRunner  - Task com.mchange.v2.resourcepool.BasicResourcePool$AcquireTask@1e0fab09 (in deadlocked PoolThread) failed to complete in maximum time 60000ms. Trying interrupt().
2016-01-15 12:51:24,479 [Timer-0] WARN  async.ThreadPoolAsynchronousRunner  - Task com.mchange.v2.resourcepool.BasicResourcePool$AcquireTask@16a5eb4a (in deadlocked PoolThread) failed to complete in maximum time 60000ms. Trying interrupt().
2016-01-15 12:52:31,748 [localhost-startStop-1] WARN  framework.CglibAopProxy  - Unable to proxy method [public final void org.springframework.security.authentication.dao.AbstractUserDetailsAuthenticationProvider.afterPropertiesSet() throws java.lang.Exception] because it is final: All calls to this method via a proxy will be routed directly to the proxy.
2016-01-15 12:52:32,287 [localhost-startStop-1] WARN  security.MyFilterSecurityInterceptor  - Could not validate configuration attributes as the SecurityMetadataSource did not return any attributes from getAllConfigAttributes()
2016-01-15 13:16:19,576 [com.mchange.v2.async.ThreadPoolAsynchronousRunner$PoolThread-#1] WARN  resourcepool.BasicResourcePool  - Failed to destroy resource: com.mchange.v2.c3p0.impl.NewPooledConnection@24f2fb7c
java.sql.SQLException: Some resources failed to close properly while closing com.mchange.v2.c3p0.impl.NewPooledConnection@24f2fb7c
	at com.mchange.v2.c3p0.impl.NewPooledConnection.close(NewPooledConnection.java:571)
	at com.mchange.v2.c3p0.impl.NewPooledConnection.close(NewPooledConnection.java:234)
	at com.mchange.v2.c3p0.impl.C3P0PooledConnectionPool$1PooledConnectionResourcePoolManager.destroyResource(C3P0PooledConnectionPool.java:470)
	at com.mchange.v2.resourcepool.BasicResourcePool$1DestroyResourceTask.run(BasicResourcePool.java:964)
	at com.mchange.v2.async.ThreadPoolAsynchronousRunner$PoolThread.run(ThreadPoolAsynchronousRunner.java:547)
2016-01-15 13:16:19,710 [com.mchange.v2.async.ThreadPoolAsynchronousRunner$PoolThread-#2] WARN  resourcepool.BasicResourcePool  - Failed to destroy resource: com.mchange.v2.c3p0.impl.NewPooledConnection@543d0e6b
java.sql.SQLException: Some resources failed to close properly while closing com.mchange.v2.c3p0.impl.NewPooledConnection@543d0e6b
	at com.mchange.v2.c3p0.impl.NewPooledConnection.close(NewPooledConnection.java:571)
	at com.mchange.v2.c3p0.impl.NewPooledConnection.close(NewPooledConnection.java:234)
	at com.mchange.v2.c3p0.impl.C3P0PooledConnectionPool$1PooledConnectionResourcePoolManager.destroyResource(C3P0PooledConnectionPool.java:470)
	at com.mchange.v2.resourcepool.BasicResourcePool$1DestroyResourceTask.run(BasicResourcePool.java:964)
	at com.mchange.v2.async.ThreadPoolAsynchronousRunner$PoolThread.run(ThreadPoolAsynchronousRunner.java:547)
2016-01-15 13:16:19,795 [com.mchange.v2.async.ThreadPoolAsynchronousRunner$PoolThread-#0] WARN  resourcepool.BasicResourcePool  - Failed to destroy resource: com.mchange.v2.c3p0.impl.NewPooledConnection@1b94c88f
java.sql.SQLException: Some resources failed to close properly while closing com.mchange.v2.c3p0.impl.NewPooledConnection@1b94c88f
	at com.mchange.v2.c3p0.impl.NewPooledConnection.close(NewPooledConnection.java:571)
	at com.mchange.v2.c3p0.impl.NewPooledConnection.close(NewPooledConnection.java:234)
	at com.mchange.v2.c3p0.impl.C3P0PooledConnectionPool$1PooledConnectionResourcePoolManager.destroyResource(C3P0PooledConnectionPool.java:470)
	at com.mchange.v2.resourcepool.BasicResourcePool$1DestroyResourceTask.run(BasicResourcePool.java:964)
	at com.mchange.v2.async.ThreadPoolAsynchronousRunner$PoolThread.run(ThreadPoolAsynchronousRunner.java:547)
2016-01-15 13:17:34,552 [com.mchange.v2.async.ThreadPoolAsynchronousRunner$PoolThread-#0] WARN  resourcepool.BasicResourcePool  - Failed to destroy resource: com.mchange.v2.c3p0.impl.NewPooledConnection@4afcd2a9
java.sql.SQLException: Some resources failed to close properly while closing com.mchange.v2.c3p0.impl.NewPooledConnection@4afcd2a9
	at com.mchange.v2.c3p0.impl.NewPooledConnection.close(NewPooledConnection.java:571)
	at com.mchange.v2.c3p0.impl.NewPooledConnection.close(NewPooledConnection.java:234)
	at com.mchange.v2.c3p0.impl.C3P0PooledConnectionPool$1PooledConnectionResourcePoolManager.destroyResource(C3P0PooledConnectionPool.java:470)
	at com.mchange.v2.resourcepool.BasicResourcePool$1DestroyResourceTask.run(BasicResourcePool.java:964)
	at com.mchange.v2.async.ThreadPoolAsynchronousRunner$PoolThread.run(ThreadPoolAsynchronousRunner.java:547)
2016-01-15 13:17:34,553 [com.mchange.v2.async.ThreadPoolAsynchronousRunner$PoolThread-#1] WARN  resourcepool.BasicResourcePool  - Failed to destroy resource: com.mchange.v2.c3p0.impl.NewPooledConnection@6aee3f97
java.sql.SQLException: Some resources failed to close properly while closing com.mchange.v2.c3p0.impl.NewPooledConnection@6aee3f97
	at com.mchange.v2.c3p0.impl.NewPooledConnection.close(NewPooledConnection.java:571)
	at com.mchange.v2.c3p0.impl.NewPooledConnection.close(NewPooledConnection.java:234)
	at com.mchange.v2.c3p0.impl.C3P0PooledConnectionPool$1PooledConnectionResourcePoolManager.destroyResource(C3P0PooledConnectionPool.java:470)
	at com.mchange.v2.resourcepool.BasicResourcePool$1DestroyResourceTask.run(BasicResourcePool.java:964)
	at com.mchange.v2.async.ThreadPoolAsynchronousRunner$PoolThread.run(ThreadPoolAsynchronousRunner.java:547)
2016-01-15 14:16:14,871 [localhost-startStop-1] WARN  framework.CglibAopProxy  - Unable to proxy method [public final void org.springframework.security.authentication.dao.AbstractUserDetailsAuthenticationProvider.afterPropertiesSet() throws java.lang.Exception] because it is final: All calls to this method via a proxy will be routed directly to the proxy.
2016-01-15 14:16:15,061 [localhost-startStop-1] WARN  security.MyFilterSecurityInterceptor  - Could not validate configuration attributes as the SecurityMetadataSource did not return any attributes from getAllConfigAttributes()
2016-01-15 15:21:05,261 [localhost-startStop-1] WARN  framework.CglibAopProxy  - Unable to proxy method [public final void org.springframework.security.authentication.dao.AbstractUserDetailsAuthenticationProvider.afterPropertiesSet() throws java.lang.Exception] because it is final: All calls to this method via a proxy will be routed directly to the proxy.
2016-01-15 15:21:05,460 [localhost-startStop-1] WARN  security.MyFilterSecurityInterceptor  - Could not validate configuration attributes as the SecurityMetadataSource did not return any attributes from getAllConfigAttributes()
2016-01-15 15:26:12,002 [localhost-startStop-1] WARN  framework.CglibAopProxy  - Unable to proxy method [public final void org.springframework.security.authentication.dao.AbstractUserDetailsAuthenticationProvider.afterPropertiesSet() throws java.lang.Exception] because it is final: All calls to this method via a proxy will be routed directly to the proxy.
2016-01-15 15:26:12,190 [localhost-startStop-1] WARN  security.MyFilterSecurityInterceptor  - Could not validate configuration attributes as the SecurityMetadataSource did not return any attributes from getAllConfigAttributes()
2016-01-15 15:53:00,987 [localhost-startStop-1] WARN  framework.CglibAopProxy  - Unable to proxy method [public final void org.springframework.security.authentication.dao.AbstractUserDetailsAuthenticationProvider.afterPropertiesSet() throws java.lang.Exception] because it is final: All calls to this method via a proxy will be routed directly to the proxy.
2016-01-15 15:53:01,322 [localhost-startStop-1] WARN  security.MyFilterSecurityInterceptor  - Could not validate configuration attributes as the SecurityMetadataSource did not return any attributes from getAllConfigAttributes()
